<?xml version="1.0" encoding="UTF-8"?>
<testng-results skipped="0" failed="1" ignored="0" total="1" passed="0">
  <reporter-output>
  </reporter-output>
  <suite name="Default suite" duration-ms="57820" started-at="2018-01-11T14:16:08Z" finished-at="2018-01-11T14:17:06Z">
    <groups>
    </groups>
    <test name="Default test" duration-ms="57820" started-at="2018-01-11T14:16:08Z" finished-at="2018-01-11T14:17:06Z">
      <class name="scenarios.AdvanceLease_ReceiptPosting_ByReceivablesEndToEndTest">
        <test-method status="PASS" signature="settingUpReport()[pri:0, instance:scenarios.AdvanceLease_ReceiptPosting_ByReceivablesEndToEndTest@3d921e20]" name="settingUpReport" is-config="true" duration-ms="406" started-at="2018-01-11T19:46:08Z" finished-at="2018-01-11T19:46:08Z">
          <reporter-output>
          </reporter-output>
        </test-method> <!-- settingUpReport -->
        <test-method status="PASS" signature="openApplication()[pri:0, instance:scenarios.AdvanceLease_ReceiptPosting_ByReceivablesEndToEndTest@3d921e20]" name="openApplication" is-config="true" duration-ms="14509" started-at="2018-01-11T19:46:14Z" finished-at="2018-01-11T19:46:28Z">
          <reporter-output>
          </reporter-output>
        </test-method> <!-- openApplication -->
        <test-method status="FAIL" signature="testingAdvanceLeaseEndToEnd(java.lang.String, java.lang.String, java.lang.String, java.lang.String, java.lang.String, java.lang.String, java.lang.String, java.lang.String, java.lang.String, java.lang.String, java.lang.String, java.lang.String, java.lang.String, java.lang.String, java.lang.String, java.lang.String, java.lang.String, java.lang.String, java.lang.String, java.lang.String, java.lang.String, java.lang.String, java.lang.String, java.lang.String)[pri:0, instance:scenarios.AdvanceLease_ReceiptPosting_ByReceivablesEndToEndTest@3d921e20]" name="testingAdvanceLeaseEndToEnd" duration-ms="26966" started-at="2018-01-11T19:46:28Z" data-provider="scenario1_Testdata" finished-at="2018-01-11T19:46:55Z">
          <params>
            <param index="0">
              <value>
                <![CDATA[ode-2123]]>
              </value>
            </param>
            <param index="1">
              <value>
                <![CDATA[Ambulance_NonOwned]]>
              </value>
            </param>
            <param index="2">
              <value>
                <![CDATA[New]]>
              </value>
            </param>
            <param index="3">
              <value>
                <![CDATA[al1015]]>
              </value>
            </param>
            <param index="4">
              <value>
                <![CDATA[default]]>
              </value>
            </param>
            <param index="5">
              <value>
                <![CDATA[Contract2 - Contract2]]>
              </value>
            </param>
            <param index="6">
              <value>
                <![CDATA[Division-1 - Division-1]]>
              </value>
            </param>
            <param index="7">
              <value>
                <![CDATA[SD-1 - SD-1]]>
              </value>
            </param>
            <param index="8">
              <value>
                <![CDATA[AL1015-ALD0009]]>
              </value>
            </param>
            <param index="9">
              <value>
                <![CDATA[7010-EPF]]>
              </value>
            </param>
            <param index="10">
              <value>
                <![CDATA[Asset Product1-Test]]>
              </value>
            </param>
            <param index="11">
              <value>
                <![CDATA[3600]]>
              </value>
            </param>
            <param index="12">
              <value>
                <![CDATA[al1015]]>
              </value>
            </param>
            <param index="13">
              <value>
                <![CDATA[ode-2123]]>
              </value>
            </param>
            <param index="14">
              <value>
                <![CDATA[Arrears]]>
              </value>
            </param>
            <param index="15">
              <value>
                <![CDATA[Monthly]]>
              </value>
            </param>
            <param index="16">
              <value>
                <![CDATA[36]]>
              </value>
            </param>
            <param index="17">
              <value>
                <![CDATA[110]]>
              </value>
            </param>
            <param index="18">
              <value>
                <![CDATA[ode-2123]]>
              </value>
            </param>
            <param index="19">
              <value>
                <![CDATA[ode-2123]]>
              </value>
            </param>
            <param index="20">
              <value>
                <![CDATA[ode-2123]]>
              </value>
            </param>
            <param index="21">
              <value>
                <![CDATA[ode-2123]]>
              </value>
            </param>
            <param index="22">
              <value>
                <![CDATA[ode-2123]]>
              </value>
            </param>
            <param index="23">
              <value>
                <![CDATA[ode-2123]]>
              </value>
            </param>
          </params>
          <exception class="org.openqa.selenium.NoSuchElementException">
            <message>
              <![CDATA[Cannot locate option with index: 1For documentation on this error, please visit: http://seleniumhq.org/exceptions/no_such_element.htmlBuild info: version: '3.7.1', revision: '8a0099a', time: '2017-11-06T21:07:36.161Z'System info: host: 'LW-TAMAR', ip: '192.168.1.136', os.name: 'Windows 10', os.arch: 'amd64', os.version: '10.0', java.version: '1.8.0_151'Driver info: driver.version: unknown]]>
            </message>
            <full-stacktrace>
              <![CDATA[org.openqa.selenium.NoSuchElementException: Cannot locate option with index: 1For documentation on this error, please visit: http://seleniumhq.org/exceptions/no_such_element.htmlBuild info: version: '3.7.1', revision: '8a0099a', time: '2017-11-06T21:07:36.161Z'System info: host: 'LW-TAMAR', ip: '192.168.1.136', os.name: 'Windows 10', os.arch: 'amd64', os.version: '10.0', java.version: '1.8.0_151'Driver info: driver.version: unknownat org.openqa.selenium.support.ui.Select.selectByIndex(Select.java:183)at pom.AssetProfilePage.setDivision(AssetProfilePage.java:122)at testscripts.AssetModule_GenericMethods.createAsset(AssetModule_GenericMethods.java:223)at scenarios.AdvanceLease_ReceiptPosting_ByReceivablesEndToEndTest.testingAdvanceLeaseEndToEnd(AdvanceLease_ReceiptPosting_ByReceivablesEndToEndTest.java:27)at sun.reflect.NativeMethodAccessorImpl.invoke0(Native Method)at sun.reflect.NativeMethodAccessorImpl.invoke(Unknown Source)at sun.reflect.DelegatingMethodAccessorImpl.invoke(Unknown Source)at java.lang.reflect.Method.invoke(Unknown Source)at org.testng.internal.MethodInvocationHelper.invokeMethod(MethodInvocationHelper.java:124)at org.testng.internal.Invoker.invokeMethod(Invoker.java:571)at org.testng.internal.Invoker.invokeTestMethod(Invoker.java:707)at org.testng.internal.Invoker.invokeTestMethods(Invoker.java:979)at org.testng.internal.TestMethodWorker.invokeTestMethods(TestMethodWorker.java:125)at org.testng.internal.TestMethodWorker.run(TestMethodWorker.java:109)at org.testng.TestRunner.privateRun(TestRunner.java:648)at org.testng.TestRunner.run(TestRunner.java:505)at org.testng.SuiteRunner.runTest(SuiteRunner.java:455)at org.testng.SuiteRunner.runSequentially(SuiteRunner.java:450)at org.testng.SuiteRunner.privateRun(SuiteRunner.java:415)at org.testng.SuiteRunner.run(SuiteRunner.java:364)at org.testng.SuiteRunnerWorker.runSuite(SuiteRunnerWorker.java:52)at org.testng.SuiteRunnerWorker.run(SuiteRunnerWorker.java:84)at org.testng.TestNG.runSuitesSequentially(TestNG.java:1187)at org.testng.TestNG.runSuitesLocally(TestNG.java:1116)at org.testng.TestNG.runSuites(TestNG.java:1028)at org.testng.TestNG.run(TestNG.java:996)at org.testng.remote.AbstractRemoteTestNG.run(AbstractRemoteTestNG.java:114)at org.testng.remote.RemoteTestNG.initAndRun(RemoteTestNG.java:251)at org.testng.remote.RemoteTestNG.main(RemoteTestNG.java:77)]]>
            </full-stacktrace>
          </exception> <!-- org.openqa.selenium.NoSuchElementException -->
          <reporter-output>
          </reporter-output>
        </test-method> <!-- testingAdvanceLeaseEndToEnd -->
        <test-method status="PASS" signature="closeApplication(org.testng.ITestResult)[pri:0, instance:scenarios.AdvanceLease_ReceiptPosting_ByReceivablesEndToEndTest@3d921e20]" name="closeApplication" is-config="true" duration-ms="10676" started-at="2018-01-11T19:46:55Z" finished-at="2018-01-11T19:47:06Z">
          <params>
            <param index="0">
              <value>
                <![CDATA[[TestResult name=testingAdvanceLeaseEndToEnd status=FAILURE method=AdvanceLease_ReceiptPosting_ByReceivablesEndToEndTest.testingAdvanceLeaseEndToEnd(java.lang.String, java.lang.String, java.lang.String, java.lang.String, java.lang.String, java.lang.String, java.lang.String, java.lang.String, java.lang.String, java.lang.String, java.lang.String, java.lang.String, java.lang.String, java.lang.String, java.lang.String, java.lang.String, java.lang.String, java.lang.String, java.lang.String, java.lang.String, java.lang.String, java.lang.String, java.lang.String, java.lang.String)[pri:0, instance:scenarios.AdvanceLease_ReceiptPosting_ByReceivablesEndToEndTest@3d921e20] output={null}]]]>
              </value>
            </param>
          </params>
          <reporter-output>
          </reporter-output>
        </test-method> <!-- closeApplication -->
        <test-method status="PASS" signature="tearDown()[pri:0, instance:scenarios.AdvanceLease_ReceiptPosting_ByReceivablesEndToEndTest@3d921e20]" name="tearDown" is-config="true" duration-ms="572" started-at="2018-01-11T19:47:06Z" finished-at="2018-01-11T19:47:06Z">
          <reporter-output>
          </reporter-output>
        </test-method> <!-- tearDown -->
      </class> <!-- scenarios.AdvanceLease_ReceiptPosting_ByReceivablesEndToEndTest -->
    </test> <!-- Default test -->
  </suite> <!-- Default suite -->
</testng-results>
